<?xml version="1.0" encoding="UTF-8"?>
<!-- Generated by org.testng.reporters.JUnitReportReporter -->
<testsuite skipped="0" hostname="DESKTOP-E5FOM8C" name="practice.MavenPractice" tests="1" failures="0" timestamp="2022-09-23T17:56:09 IST" time="0.010" errors="0">
  <testcase name="demo" time="0.010" classname="practice.MavenPractice"/>
  <system-out/>
</testsuite> <!-- practice.MavenPractice -->
